[debug] [2020-06-14T02:01:02.646Z] ----------------------------------------------------------------------
[debug] [2020-06-14T02:01:02.649Z] Command:       C:\Program Files\nodejs\node.exe C:\Users\Bashaar\AppData\Roaming\npm\node_modules\firebase-tools\lib\bin\firebase.js serve
[debug] [2020-06-14T02:01:02.649Z] CLI Version:   8.4.2
[debug] [2020-06-14T02:01:02.649Z] Platform:      win32
[debug] [2020-06-14T02:01:02.649Z] Node Version:  v12.16.1
[debug] [2020-06-14T02:01:02.651Z] Time:          Sat Jun 13 2020 22:01:02 GMT-0400 (Eastern Daylight Time)
[debug] [2020-06-14T02:01:02.651Z] ----------------------------------------------------------------------
[debug] [2020-06-14T02:01:02.651Z] 
[debug] [2020-06-14T02:01:02.663Z] > command requires scopes: ["email","openid","https://www.googleapis.com/auth/cloudplatformprojects.readonly","https://www.googleapis.com/auth/firebase","https://www.googleapis.com/auth/cloud-platform"]
[debug] [2020-06-14T02:01:02.664Z] > authorizing via signed-in user
[debug] [2020-06-14T02:01:02.664Z] [iam] checking project terminal-prototype for permissions ["firebase.projects.get"]
[debug] [2020-06-14T02:01:02.668Z] >>> HTTP REQUEST POST https://cloudresourcemanager.googleapis.com/v1/projects/terminal-prototype:testIamPermissions  
 {"permissions":["firebase.projects.get"]}
[debug] [2020-06-14T02:01:02.964Z] <<< HTTP RESPONSE 200 {"content-type":"application/json; charset=UTF-8","vary":"X-Origin, Referer, Origin,Accept-Encoding","date":"Sun, 14 Jun 2020 02:01:03 GMT","server":"ESF","cache-control":"private","x-xss-protection":"0","x-frame-options":"SAMEORIGIN","x-content-type-options":"nosniff","server-timing":"gfet4t7; dur=197","alt-svc":"h3-27=\":443\"; ma=2592000,h3-25=\":443\"; ma=2592000,h3-T050=\":443\"; ma=2592000,h3-Q050=\":443\"; ma=2592000,h3-Q049=\":443\"; ma=2592000,h3-Q048=\":443\"; ma=2592000,h3-Q046=\":443\"; ma=2592000,h3-Q043=\":443\"; ma=2592000,quic=\":443\"; ma=2592000; v=\"46,43\"","accept-ranges":"none","transfer-encoding":"chunked"}
[debug] [2020-06-14T02:01:02.969Z] >>> HTTP REQUEST GET https://firebase.googleapis.com/v1beta1/projects/terminal-prototype  
 
[debug] [2020-06-14T02:01:03.108Z] <<< HTTP RESPONSE 200 {"content-type":"application/json; charset=UTF-8","vary":"X-Origin, Referer, Origin,Accept-Encoding","date":"Sun, 14 Jun 2020 02:01:03 GMT","server":"ESF","cache-control":"private","x-xss-protection":"0","x-frame-options":"SAMEORIGIN","x-content-type-options":"nosniff","alt-svc":"h3-27=\":443\"; ma=2592000,h3-25=\":443\"; ma=2592000,h3-T050=\":443\"; ma=2592000,h3-Q050=\":443\"; ma=2592000,h3-Q049=\":443\"; ma=2592000,h3-Q048=\":443\"; ma=2592000,h3-Q046=\":443\"; ma=2592000,h3-Q043=\":443\"; ma=2592000,quic=\":443\"; ma=2592000; v=\"46,43\"","accept-ranges":"none","transfer-encoding":"chunked"}
[info] 
[info] === Serving from 'C:\Users\Bashaar\Documents\sandbox\dashboard'...
[info] 
[debug] [2020-06-14T02:01:03.157Z] >>> HTTP REQUEST GET https://firebase.googleapis.com/v1beta1/projects/terminal-prototype/webApps/-/config  
 
[debug] [2020-06-14T02:01:03.394Z] <<< HTTP RESPONSE 200 {"content-type":"application/json; charset=UTF-8","vary":"X-Origin, Referer, Origin,Accept-Encoding","date":"Sun, 14 Jun 2020 02:01:04 GMT","server":"ESF","cache-control":"private","x-xss-protection":"0","x-frame-options":"SAMEORIGIN","x-content-type-options":"nosniff","alt-svc":"h3-27=\":443\"; ma=2592000,h3-25=\":443\"; ma=2592000,h3-T050=\":443\"; ma=2592000,h3-Q050=\":443\"; ma=2592000,h3-Q049=\":443\"; ma=2592000,h3-Q048=\":443\"; ma=2592000,h3-Q046=\":443\"; ma=2592000,h3-Q043=\":443\"; ma=2592000,quic=\":443\"; ma=2592000; v=\"46,43\"","accept-ranges":"none","transfer-encoding":"chunked"}
[info] i  hosting: Serving hosting files from: yy {"metadata":{"emulator":{"name":"hosting"},"message":"Serving hosting files from: \u001b[1myy\u001b[22m"}}
[info] +  hosting: Local server: http://localhost:5000 {"metadata":{"emulator":{"name":"hosting"},"message":"Local server: \u001b[4m\u001b[1mhttp://localhost:5000\u001b[22m\u001b[24m"}}
[warn] !  Your requested "node" version "8" doesn't match your global version "12" {"metadata":{"emulator":{"name":"functions"},"message":"Your requested \"node\" version \"8\" doesn't match your global version \"12\""}}
[info] i  functions: Watching "C:\Users\Bashaar\Documents\sandbox\dashboard\functions" for Cloud Functions... {"metadata":{"emulator":{"name":"functions"},"message":"Watching \"C:\\Users\\Bashaar\\Documents\\sandbox\\dashboard\\functions\" for Cloud Functions..."}}
[debug] [2020-06-14T02:01:05.233Z] [worker-pool] addWorker(~diagnostic~) {"metadata":{"emulator":{"name":"functions"},"message":"[worker-pool] addWorker(~diagnostic~)"}}
[debug] [2020-06-14T02:01:05.234Z] [worker-pool] Adding worker with key ~diagnostic~, total=1 {"metadata":{"emulator":{"name":"functions"},"message":"[worker-pool] Adding worker with key ~diagnostic~, total=1"}}
[debug] [2020-06-14T02:01:05.234Z] [worker-pool] submitWork(triggerId=) {"metadata":{"emulator":{"name":"functions"},"message":"[worker-pool] submitWork(triggerId=)"}}
[debug] [2020-06-14T02:01:05.235Z] [worker-~diagnostic~-b698d9c3-048d-4afe-80d2-ad16c6d1e05d]: Assigning socketPath: \\?\pipe\C:\Users\Bashaar\Documents\sandbox\dashboard\functions\21084 {"metadata":{"emulator":{"name":"functions"},"message":"[worker-~diagnostic~-b698d9c3-048d-4afe-80d2-ad16c6d1e05d]: Assigning socketPath: \\\\?\\pipe\\C:\\Users\\Bashaar\\Documents\\sandbox\\dashboard\\functions\\21084"}}
[debug] [2020-06-14T02:01:05.235Z] [worker-~diagnostic~-b698d9c3-048d-4afe-80d2-ad16c6d1e05d]: BUSY {"metadata":{"emulator":{"name":"functions"},"message":"[worker-~diagnostic~-b698d9c3-048d-4afe-80d2-ad16c6d1e05d]: BUSY"}}
[debug] [2020-06-14T02:01:05.973Z] [runtime-status] [21084] Functions runtime initialized. {"cwd":"C:\\Users\\Bashaar\\Documents\\sandbox\\dashboard\\functions","node_version":"12.16.1"} {"metadata":{"emulator":{"name":"functions"},"message":"[runtime-status] [21084] Functions runtime initialized. {\"cwd\":\"C:\\\\Users\\\\Bashaar\\\\Documents\\\\sandbox\\\\dashboard\\\\functions\",\"node_version\":\"12.16.1\"}"}}
[debug] [2020-06-14T02:01:05.979Z] [runtime-status] [21084] Disabled runtime features: undefined {"metadata":{"emulator":{"name":"functions"},"message":"[runtime-status] [21084] Disabled runtime features: undefined"}}
[debug] [2020-06-14T02:01:05.990Z] [runtime-status] [21084] Resolved module firebase-admin {"declared":true,"installed":true,"version":"8.12.1","resolution":"C:\\Users\\Bashaar\\Documents\\sandbox\\dashboard\\functions\\node_modules\\firebase-admin\\lib\\index.js"} {"metadata":{"emulator":{"name":"functions"},"message":"[runtime-status] [21084] Resolved module firebase-admin {\"declared\":true,\"installed\":true,\"version\":\"8.12.1\",\"resolution\":\"C:\\\\Users\\\\Bashaar\\\\Documents\\\\sandbox\\\\dashboard\\\\functions\\\\node_modules\\\\firebase-admin\\\\lib\\\\index.js\"}"}}
[debug] [2020-06-14T02:01:05.994Z] [runtime-status] [21084] Resolved module firebase-functions {"declared":true,"installed":true,"version":"3.6.2","resolution":"C:\\Users\\Bashaar\\Documents\\sandbox\\dashboard\\functions\\node_modules\\firebase-functions\\lib\\index.js"} {"metadata":{"emulator":{"name":"functions"},"message":"[runtime-status] [21084] Resolved module firebase-functions {\"declared\":true,\"installed\":true,\"version\":\"3.6.2\",\"resolution\":\"C:\\\\Users\\\\Bashaar\\\\Documents\\\\sandbox\\\\dashboard\\\\functions\\\\node_modules\\\\firebase-functions\\\\lib\\\\index.js\"}"}}
[debug] [2020-06-14T02:01:05.997Z] [runtime-status] [21084] Outgoing network have been stubbed. [{"name":"http","status":"mocked"},{"name":"http","status":"mocked"},{"name":"https","status":"mocked"},{"name":"https","status":"mocked"},{"name":"net","status":"mocked"}] {"metadata":{"emulator":{"name":"functions"},"message":"[runtime-status] [21084] Outgoing network have been stubbed. [{\"name\":\"http\",\"status\":\"mocked\"},{\"name\":\"http\",\"status\":\"mocked\"},{\"name\":\"https\",\"status\":\"mocked\"},{\"name\":\"https\",\"status\":\"mocked\"},{\"name\":\"net\",\"status\":\"mocked\"}]"}}
[debug] [2020-06-14T02:01:05.998Z] [runtime-status] [21084] Resolved module firebase-functions {"declared":true,"installed":true,"version":"3.6.2","resolution":"C:\\Users\\Bashaar\\Documents\\sandbox\\dashboard\\functions\\node_modules\\firebase-functions\\lib\\index.js"} {"metadata":{"emulator":{"name":"functions"},"message":"[runtime-status] [21084] Resolved module firebase-functions {\"declared\":true,\"installed\":true,\"version\":\"3.6.2\",\"resolution\":\"C:\\\\Users\\\\Bashaar\\\\Documents\\\\sandbox\\\\dashboard\\\\functions\\\\node_modules\\\\firebase-functions\\\\lib\\\\index.js\"}"}}
[debug] [2020-06-14T02:01:06.062Z] [runtime-status] [21084] Checked functions.config() {"config":{}} {"metadata":{"emulator":{"name":"functions"},"message":"[runtime-status] [21084] Checked functions.config() {\"config\":{}}"}}
[debug] [2020-06-14T02:01:06.063Z] [runtime-status] [21084] firebase-functions has been stubbed. {"functionsResolution":{"declared":true,"installed":true,"version":"3.6.2","resolution":"C:\\Users\\Bashaar\\Documents\\sandbox\\dashboard\\functions\\node_modules\\firebase-functions\\lib\\index.js"}} {"metadata":{"emulator":{"name":"functions"},"message":"[runtime-status] [21084] firebase-functions has been stubbed. {\"functionsResolution\":{\"declared\":true,\"installed\":true,\"version\":\"3.6.2\",\"resolution\":\"C:\\\\Users\\\\Bashaar\\\\Documents\\\\sandbox\\\\dashboard\\\\functions\\\\node_modules\\\\firebase-functions\\\\lib\\\\index.js\"}}"}}
[debug] [2020-06-14T02:01:06.064Z] [runtime-status] [21084] Resolved module firebase-functions {"declared":true,"installed":true,"version":"3.6.2","resolution":"C:\\Users\\Bashaar\\Documents\\sandbox\\dashboard\\functions\\node_modules\\firebase-functions\\lib\\index.js"} {"metadata":{"emulator":{"name":"functions"},"message":"[runtime-status] [21084] Resolved module firebase-functions {\"declared\":true,\"installed\":true,\"version\":\"3.6.2\",\"resolution\":\"C:\\\\Users\\\\Bashaar\\\\Documents\\\\sandbox\\\\dashboard\\\\functions\\\\node_modules\\\\firebase-functions\\\\lib\\\\index.js\"}"}}
[debug] [2020-06-14T02:01:06.065Z] [runtime-status] [21084] Resolved module firebase-admin {"declared":true,"installed":true,"version":"8.12.1","resolution":"C:\\Users\\Bashaar\\Documents\\sandbox\\dashboard\\functions\\node_modules\\firebase-admin\\lib\\index.js"} {"metadata":{"emulator":{"name":"functions"},"message":"[runtime-status] [21084] Resolved module firebase-admin {\"declared\":true,\"installed\":true,\"version\":\"8.12.1\",\"resolution\":\"C:\\\\Users\\\\Bashaar\\\\Documents\\\\sandbox\\\\dashboard\\\\functions\\\\node_modules\\\\firebase-admin\\\\lib\\\\index.js\"}"}}
[debug] [2020-06-14T02:01:06.066Z] [runtime-status] [21084] Resolved module firebase-functions {"declared":true,"installed":true,"version":"3.6.2","resolution":"C:\\Users\\Bashaar\\Documents\\sandbox\\dashboard\\functions\\node_modules\\firebase-functions\\lib\\index.js"} {"metadata":{"emulator":{"name":"functions"},"message":"[runtime-status] [21084] Resolved module firebase-functions {\"declared\":true,\"installed\":true,\"version\":\"3.6.2\",\"resolution\":\"C:\\\\Users\\\\Bashaar\\\\Documents\\\\sandbox\\\\dashboard\\\\functions\\\\node_modules\\\\firebase-functions\\\\lib\\\\index.js\"}"}}
[debug] [2020-06-14T02:01:06.067Z] [runtime-status] [21084] firebase-admin has been stubbed. {"adminResolution":{"declared":true,"installed":true,"version":"8.12.1","resolution":"C:\\Users\\Bashaar\\Documents\\sandbox\\dashboard\\functions\\node_modules\\firebase-admin\\lib\\index.js"}} {"metadata":{"emulator":{"name":"functions"},"message":"[runtime-status] [21084] firebase-admin has been stubbed. {\"adminResolution\":{\"declared\":true,\"installed\":true,\"version\":\"8.12.1\",\"resolution\":\"C:\\\\Users\\\\Bashaar\\\\Documents\\\\sandbox\\\\dashboard\\\\functions\\\\node_modules\\\\firebase-admin\\\\lib\\\\index.js\"}}"}}
[debug] [2020-06-14T02:01:06.069Z] [worker-~diagnostic~-b698d9c3-048d-4afe-80d2-ad16c6d1e05d]: IDLE {"metadata":{"emulator":{"name":"functions"},"message":"[worker-~diagnostic~-b698d9c3-048d-4afe-80d2-ad16c6d1e05d]: IDLE"}}
